TddExample/app/build/intermediates/manifest_merge_blame_file/debug/manifest-merger-blame-debug-report.txt
1<?xml version="1.0" encoding="utf-8"?>
2<manifest xmlns:android="http://schemas.android.com/apk/res/android"
3    package="com.example.tddexample"
4    android:versionCode="1"
5    android:versionName="1.0" >
6
7    <uses-sdk
8        android:minSdkVersion="21"
8-->src\main\AndroidManifest.xml
9        android:targetSdkVersion="30" />
9-->src\main\AndroidManifest.xml
10
11    <uses-permission android:name="android.permission.REORDER_TASKS" />
11-->[androidx.fragment:fragment-testing:1.3.6] AndroidManifest.xml:25:5-72
11-->[androidx.fragment:fragment-testing:1.3.6] AndroidManifest.xml:25:22-69
12
13    <application
13-->src\main\AndroidManifest.xml:5:5-20:19
14        android:allowBackup="true"
14-->src\main\AndroidManifest.xml:6:9-35
15        android:appComponentFactory="androidx.core.app.CoreComponentFactory"
15-->[androidx.core:core:1.6.0] AndroidManifest.xml:24:18-86
16        android:debuggable="true"
17        android:icon="@mipmap/ic_launcher"
17-->src\main\AndroidManifest.xml:7:9-43
18        android:label="@string/app_name"
18-->src\main\AndroidManifest.xml:8:9-41
19        android:roundIcon="@mipmap/ic_launcher_round"
19-->src\main\AndroidManifest.xml:9:9-54
20        android:supportsRtl="true"
20-->src\main\AndroidManifest.xml:10:9-35
21        android:theme="@style/Theme.TddExample" >
21-->src\main\AndroidManifest.xml:11:9-48
22        <activity
22-->src\main\AndroidManifest.xml:12:9-19:20
23            android:name="com.example.tddexample.MainActivity"
23-->src\main\AndroidManifest.xml:12:19-69
24            android:windowSoftInputMode="adjustResize" >
24-->src\main\AndroidManifest.xml:13:13-55
25            <intent-filter>
25-->src\main\AndroidManifest.xml:14:13-18:29
26                <action android:name="android.intent.action.MAIN" />
26-->src\main\AndroidManifest.xml:15:17-69
26-->src\main\AndroidManifest.xml:15:25-66
27
28                <category android:name="android.intent.category.LAUNCHER" />
28-->src\main\AndroidManifest.xml:17:17-77
28-->src\main\AndroidManifest.xml:17:27-74
29            </intent-filter>
30        </activity>
31        <activity
31-->[androidx.fragment:fragment-testing:1.3.6] AndroidManifest.xml:28:9-37:20
32            android:name="androidx.fragment.app.testing.FragmentScenario$EmptyFragmentActivity"
32-->[androidx.fragment:fragment-testing:1.3.6] AndroidManifest.xml:29:13-96
33            android:exported="true"
33-->[androidx.fragment:fragment-testing:1.3.6] AndroidManifest.xml:30:13-36
34            android:multiprocess="true"
34-->[androidx.fragment:fragment-testing:1.3.6] AndroidManifest.xml:31:13-40
35            android:taskAffinity=""
35-->[androidx.fragment:fragment-testing:1.3.6] AndroidManifest.xml:32:13-36
36            android:theme="@style/FragmentScenarioEmptyFragmentActivityTheme" >
36-->[androidx.fragment:fragment-testing:1.3.6] AndroidManifest.xml:33:13-78
37            <intent-filter>
37-->[androidx.fragment:fragment-testing:1.3.6] AndroidManifest.xml:34:13-36:29
38                <action android:name="android.intent.action.MAIN" />
38-->src\main\AndroidManifest.xml:15:17-69
38-->src\main\AndroidManifest.xml:15:25-66
39            </intent-filter>
40        </activity>
41        <activity
41-->[androidx.test:core:1.3.0] AndroidManifest.xml:27:9-33:20
42            android:name="androidx.test.core.app.InstrumentationActivityInvoker$BootstrapActivity"
42-->[androidx.test:core:1.3.0] AndroidManifest.xml:28:13-99
43            android:theme="@android:style/Theme" >
43-->[androidx.test:core:1.3.0] AndroidManifest.xml:29:13-49
44            <intent-filter>
44-->[androidx.fragment:fragment-testing:1.3.6] AndroidManifest.xml:34:13-36:29
45                <action android:name="android.intent.action.MAIN" />
45-->src\main\AndroidManifest.xml:15:17-69
45-->src\main\AndroidManifest.xml:15:25-66
46            </intent-filter>
47        </activity>
48        <activity
48-->[androidx.test:core:1.3.0] AndroidManifest.xml:34:9-40:20
49            android:name="androidx.test.core.app.InstrumentationActivityInvoker$EmptyActivity"
49-->[androidx.test:core:1.3.0] AndroidManifest.xml:35:13-95
50            android:theme="@android:style/Theme" >
50-->[androidx.test:core:1.3.0] AndroidManifest.xml:36:13-49
51            <intent-filter>
51-->[androidx.fragment:fragment-testing:1.3.6] AndroidManifest.xml:34:13-36:29
52                <action android:name="android.intent.action.MAIN" />
52-->src\main\AndroidManifest.xml:15:17-69
52-->src\main\AndroidManifest.xml:15:25-66
53            </intent-filter>
54        </activity>
55        <activity
55-->[androidx.test:core:1.3.0] AndroidManifest.xml:41:9-47:20
56            android:name="androidx.test.core.app.InstrumentationActivityInvoker$EmptyFloatingActivity"
56-->[androidx.test:core:1.3.0] AndroidManifest.xml:42:13-103
57            android:theme="@android:style/Theme.Dialog" >
57-->[androidx.test:core:1.3.0] AndroidManifest.xml:43:13-56
58            <intent-filter>
58-->[androidx.fragment:fragment-testing:1.3.6] AndroidManifest.xml:34:13-36:29
59                <action android:name="android.intent.action.MAIN" />
59-->src\main\AndroidManifest.xml:15:17-69
59-->src\main\AndroidManifest.xml:15:25-66
60            </intent-filter>
61        </activity>
62    </application>
63
64</manifest>